<?xml version="1.0" encoding="UTF-8"?>
<!-- Generated by org.testng.reporters.JUnitReportReporter -->
<testsuite hostname="TYSS-Shobha" failures="0" tests="1" name="Pratice.ScrollHandling" time="47.788" errors="0" timestamp="2022-10-12T15:28:59 IST" skipped="0">
  <testcase classname="Pratice.ScrollHandling" name="scroll" time="47.788"/>
  <system-out/>
</testsuite> <!-- Pratice.ScrollHandling -->
