<?xml version="1.0" encoding="UTF-8"?>
<!-- Generated by org.testng.reporters.JUnitReportReporter -->
<testsuite hostname="TYSS-Shobha" failures="0" tests="3" name="TestNg.Customer" time="0.008" errors="0" timestamp="2022-09-15T11:39:27 IST" skipped="0">
  <testcase classname="TestNg.Customer" name="deleteCustomer" time="0.000"/>
  <system-out/>
  <testcase classname="TestNg.Customer" name="modifyCustomer" time="0.001"/>
  <system-out/>
  <testcase classname="TestNg.Customer" name="createCustomer" time="0.007"/>
  <system-out/>
</testsuite> <!-- TestNg.Customer -->
