<?xml version="1.0" encoding="UTF-8"?>
<!-- Generated by org.testng.reporters.JUnitReportReporter -->
<testsuite hostname="TYSS-Shobha" failures="0" tests="3" name="TestNg.CustomerTest" time="24.431" errors="0" timestamp="2022-09-15T13:54:07 IST" skipped="0">
  <testcase classname="TestNg.CustomerTest" name="deleteCustomer" time="2.480"/>
  <system-out/>
  <testcase classname="TestNg.CustomerTest" name="modifyCustomer" time="3.818"/>
  <system-out/>
  <testcase classname="TestNg.CustomerTest" name="createCustomer" time="18.133"/>
  <system-out/>
</testsuite> <!-- TestNg.CustomerTest -->
