<?xml version="1.0" encoding="UTF-8"?>
<!-- Generated by org.testng.reporters.JUnitReportReporter -->
<testsuite hostname="TYSS-Shobha" failures="0" tests="1" name="Pratice.Upload" time="5.270" errors="0" timestamp="2022-10-12T15:25:05 IST" skipped="0">
  <testcase classname="Pratice.Upload" name="upload" time="5.270"/>
  <system-out/>
</testsuite> <!-- Pratice.Upload -->
